# JRE version: Java(TM) SE Runtime Environment (17.0.4.1+1) (build 17.0.4.1+1-LTS-2)
# Java VM: Java HotSpot(TM) 64-Bit Server VM (17.0.4.1+1-LTS-2, mixed mode, sharing, tiered, compressed oops, compressed class ptrs, g1 gc, windows-amd64)
GC Precious Log:
 CPUs: 4 total, 4 available
 Memory: 12122M
 Large Page Support: Disabled
 NUMA Support: Disabled
 Compressed Oops: Enabled (Zero based)
 Heap Region Size: 2M
 Heap Min Capacity: 8M
 Heap Initial Capacity: 190M
 Heap Max Capacity: 3032M
 Pre-touch: Disabled
 Parallel Workers: 4
 Concurrent Workers: 1
 Concurrent Refinement Workers: 4
 Periodic GC: Disabled
Heap:
 garbage-first heap   total 346112K, used 177783K [0x0000000742800000, 0x0000000800000000)
  region size 2048K, 62 young (126976K), 3 survivors (6144K)
 Metaspace       used 131091K, committed 131584K, reserved 1171456K
  class space    used 15957K, committed 16192K, reserved 1048576K
GC Heap History (20 events):
Event: 51.272 GC heap before
{Heap before GC invocations=36 (full 0):
 garbage-first heap   total 280576K, used 202917K [0x0000000742800000, 0x0000000800000000)
  region size 2048K, 82 young (167936K), 4 survivors (8192K)
 Metaspace       used 99645K, committed 100160K, reserved 1138688K
  class space    used 12062K, committed 12352K, reserved 1048576K
}
Event: 51.286 GC heap after
{Heap after GC invocations=37 (full 0):
 garbage-first heap   total 280576K, used 46127K [0x0000000742800000, 0x0000000800000000)
  region size 2048K, 5 young (10240K), 5 survivors (10240K)
 Metaspace       used 99645K, committed 100160K, reserved 1138688K
  class space    used 12062K, committed 12352K, reserved 1048576K
}
Event: 51.402 GC heap before
{Heap before GC invocations=37 (full 0):
 garbage-first heap   total 280576K, used 54319K [0x0000000742800000, 0x0000000800000000)
  region size 2048K, 10 young (20480K), 5 survivors (10240K)
 Metaspace       used 100122K, committed 100608K, reserved 1138688K
  class space    used 12091K, committed 12352K, reserved 1048576K
}
Event: 51.416 GC heap after
{Heap after GC invocations=38 (full 0):
 garbage-first heap   total 280576K, used 45649K [0x0000000742800000, 0x0000000800000000)
  region size 2048K, 5 young (10240K), 5 survivors (10240K)
 Metaspace       used 100122K, committed 100608K, reserved 1138688K
  class space    used 12091K, committed 12352K, reserved 1048576K
}
Event: 52.683 GC heap before
{Heap before GC invocations=39 (full 0):
 garbage-first heap   total 178176K, used 141905K [0x0000000742800000, 0x0000000800000000)
  region size 2048K, 52 young (106496K), 5 survivors (10240K)
 Metaspace       used 103669K, committed 104192K, reserved 1146880K
  class space    used 12747K, committed 12992K, reserved 1048576K
}
Event: 52.699 GC heap after
{Heap after GC invocations=40 (full 0):
 garbage-first heap   total 178176K, used 48552K [0x0000000742800000, 0x0000000800000000)
  region size 2048K, 5 young (10240K), 5 survivors (10240K)
 Metaspace       used 103669K, committed 104192K, reserved 1146880K
  class space    used 12747K, committed 12992K, reserved 1048576K
}
Event: 52.741 GC heap before
{Heap before GC invocations=40 (full 0):
 garbage-first heap   total 178176K, used 50600K [0x0000000742800000, 0x0000000800000000)
  region size 2048K, 6 young (12288K), 5 survivors (10240K)
 Metaspace       used 103884K, committed 104512K, reserved 1146880K
  class space    used 12774K, committed 13056K, reserved 1048576K
}
Event: 52.758 GC heap after
{Heap after GC invocations=41 (full 0):
 garbage-first heap   total 178176K, used 48270K [0x0000000742800000, 0x0000000800000000)
  region size 2048K, 1 young (2048K), 1 survivors (2048K)
 Metaspace       used 103884K, committed 104512K, reserved 1146880K
  class space    used 12774K, committed 13056K, reserved 1048576K
}
Event: 53.691 GC heap before
{Heap before GC invocations=41 (full 0):
 garbage-first heap   total 178176K, used 152718K [0x0000000742800000, 0x0000000800000000)
  region size 2048K, 52 young (106496K), 1 survivors (2048K)
 Metaspace       used 107647K, committed 108224K, reserved 1146880K
  class space    used 13355K, committed 13632K, reserved 1048576K
}
Event: 53.696 GC heap after
{Heap after GC invocations=42 (full 0):
 garbage-first heap   total 178176K, used 49844K [0x0000000742800000, 0x0000000800000000)
  region size 2048K, 2 young (4096K), 2 survivors (4096K)
 Metaspace       used 107647K, committed 108224K, reserved 1146880K
  class space    used 13355K, committed 13632K, reserved 1048576K
}
Event: 55.269 GC heap before
{Heap before GC invocations=42 (full 0):
 garbage-first heap   total 178176K, used 150196K [0x0000000742800000, 0x0000000800000000)
  region size 2048K, 51 young (104448K), 2 survivors (4096K)
 Metaspace       used 110968K, committed 111488K, reserved 1146880K
  class space    used 13722K, committed 13952K, reserved 1048576K
}
Event: 55.278 GC heap after
{Heap after GC invocations=43 (full 0):
 garbage-first heap   total 178176K, used 52950K [0x0000000742800000, 0x0000000800000000)
  region size 2048K, 4 young (8192K), 4 survivors (8192K)
 Metaspace       used 110968K, committed 111488K, reserved 1146880K
  class space    used 13722K, committed 13952K, reserved 1048576K
}
Event: 56.612 GC heap before
{Heap before GC invocations=43 (full 0):
 garbage-first heap   total 178176K, used 149206K [0x0000000742800000, 0x0000000800000000)
  region size 2048K, 51 young (104448K), 4 survivors (8192K)
 Metaspace       used 113943K, committed 114560K, reserved 1155072K
  class space    used 14048K, committed 14336K, reserved 1048576K
}
Event: 56.623 GC heap after
{Heap after GC invocations=44 (full 0):
 garbage-first heap   total 178176K, used 55912K [0x0000000742800000, 0x0000000800000000)
  region size 2048K, 5 young (10240K), 5 survivors (10240K)
 Metaspace       used 113943K, committed 114560K, reserved 1155072K
  class space    used 14048K, committed 14336K, reserved 1048576K
}
Event: 57.746 GC heap before
{Heap before GC invocations=44 (full 0):
 garbage-first heap   total 178176K, used 148072K [0x0000000742800000, 0x0000000800000000)
  region size 2048K, 50 young (102400K), 5 survivors (10240K)
 Metaspace       used 117334K, committed 117952K, reserved 1155072K
  class space    used 14542K, committed 14848K, reserved 1048576K
}
Event: 57.762 GC heap after
{Heap after GC invocations=45 (full 0):
 garbage-first heap   total 178176K, used 59718K [0x0000000742800000, 0x0000000800000000)
  region size 2048K, 5 young (10240K), 5 survivors (10240K)
 Metaspace       used 117334K, committed 117952K, reserved 1155072K
  class space    used 14542K, committed 14848K, reserved 1048576K
}
Event: 58.865 GC heap before
{Heap before GC invocations=45 (full 0):
 garbage-first heap   total 178176K, used 147782K [0x0000000742800000, 0x0000000800000000)
  region size 2048K, 48 young (98304K), 5 survivors (10240K)
 Metaspace       used 121881K, committed 122432K, reserved 1163264K
  class space    used 14930K, committed 15168K, reserved 1048576K
}
Event: 58.877 GC heap after
{Heap after GC invocations=46 (full 0):
 garbage-first heap   total 178176K, used 60674K [0x0000000742800000, 0x0000000800000000)
  region size 2048K, 3 young (6144K), 3 survivors (6144K)
 Metaspace       used 121881K, committed 122432K, reserved 1163264K
  class space    used 14930K, committed 15168K, reserved 1048576K
}
Event: 59.375 GC heap before
{Heap before GC invocations=46 (full 0):
 garbage-first heap   total 178176K, used 150786K [0x0000000742800000, 0x0000000800000000)
  region size 2048K, 47 young (96256K), 3 survivors (6144K)
 Metaspace       used 125268K, committed 125824K, reserved 1163264K
  class space    used 15153K, committed 15424K, reserved 1048576K
}
Event: 59.383 GC heap after
{Heap after GC invocations=47 (full 0):
 garbage-first heap   total 346112K, used 61047K [0x0000000742800000, 0x0000000800000000)
  region size 2048K, 3 young (6144K), 3 survivors (6144K)
 Metaspace       used 125268K, committed 125824K, reserved 1163264K
  class space    used 15153K, committed 15424K, reserved 1048576K
}

